<?xml version="1.0" encoding="UTF-8"?>
<testsuite xmlns:xsi="http://www.w3.org/2001/XMLSchema-instance" xsi:noNamespaceSchemaLocation="https://maven.apache.org/surefire/maven-surefire-plugin/xsd/surefire-test-report-3.0.xsd" version="3.0" name="TestSuite" time="19.666" tests="7" errors="0" skipped="0" failures="0">
  <properties>
    <property name="java.specification.version" value="17"/>
    <property name="sun.jnu.encoding" value="UTF-8"/>
    <property name="java.class.path" value="/Users/tv/Desktop/ContactList_API/target/test-classes:/Users/tv/Desktop/ContactList_API/target/classes:/Users/tv/.m2/repository/io/rest-assured/rest-assured/5.5.1/rest-assured-5.5.1.jar:/Users/tv/.m2/repository/org/apache/groovy/groovy/4.0.22/groovy-4.0.22.jar:/Users/tv/.m2/repository/org/apache/groovy/groovy-xml/4.0.22/groovy-xml-4.0.22.jar:/Users/tv/.m2/repository/org/apache/httpcomponents/httpclient/4.5.13/httpclient-4.5.13.jar:/Users/tv/.m2/repository/org/apache/httpcomponents/httpcore/4.4.13/httpcore-4.4.13.jar:/Users/tv/.m2/repository/commons-logging/commons-logging/1.2/commons-logging-1.2.jar:/Users/tv/.m2/repository/commons-codec/commons-codec/1.11/commons-codec-1.11.jar:/Users/tv/.m2/repository/org/apache/httpcomponents/httpmime/4.5.13/httpmime-4.5.13.jar:/Users/tv/.m2/repository/org/hamcrest/hamcrest/2.2/hamcrest-2.2.jar:/Users/tv/.m2/repository/org/ccil/cowan/tagsoup/tagsoup/1.2.1/tagsoup-1.2.1.jar:/Users/tv/.m2/repository/io/rest-assured/json-path/5.5.1/json-path-5.5.1.jar:/Users/tv/.m2/repository/org/apache/groovy/groovy-json/4.0.22/groovy-json-4.0.22.jar:/Users/tv/.m2/repository/io/rest-assured/rest-assured-common/5.5.1/rest-assured-common-5.5.1.jar:/Users/tv/.m2/repository/io/rest-assured/xml-path/5.5.1/xml-path-5.5.1.jar:/Users/tv/.m2/repository/org/testng/testng/7.11.0/testng-7.11.0.jar:/Users/tv/.m2/repository/org/slf4j/slf4j-api/2.0.16/slf4j-api-2.0.16.jar:/Users/tv/.m2/repository/org/jcommander/jcommander/1.83/jcommander-1.83.jar:/Users/tv/.m2/repository/org/webjars/jquery/3.7.1/jquery-3.7.1.jar:/Users/tv/.m2/repository/com/github/javafaker/javafaker/1.0.2/javafaker-1.0.2.jar:/Users/tv/.m2/repository/org/apache/commons/commons-lang3/3.5/commons-lang3-3.5.jar:/Users/tv/.m2/repository/org/yaml/snakeyaml/1.23/snakeyaml-1.23-android.jar:/Users/tv/.m2/repository/com/github/mifmif/generex/1.0.2/generex-1.0.2.jar:/Users/tv/.m2/repository/dk/brics/automaton/automaton/1.11-8/automaton-1.11-8.jar:/Users/tv/.m2/repository/com/fasterxml/jackson/core/jackson-databind/2.15.0/jackson-databind-2.15.0.jar:/Users/tv/.m2/repository/com/fasterxml/jackson/core/jackson-annotations/2.15.0/jackson-annotations-2.15.0.jar:/Users/tv/.m2/repository/com/fasterxml/jackson/core/jackson-core/2.15.0/jackson-core-2.15.0.jar:"/>
    <property name="java.vm.vendor" value="Oracle Corporation"/>
    <property name="sun.arch.data.model" value="64"/>
    <property name="java.vendor.url" value="https://java.oracle.com/"/>
    <property name="user.timezone" value="Asia/Kolkata"/>
    <property name="os.name" value="Mac OS X"/>
    <property name="java.vm.specification.version" value="17"/>
    <property name="sun.java.launcher" value="SUN_STANDARD"/>
    <property name="user.country" value="IN"/>
    <property name="sun.boot.library.path" value="/Library/Java/JavaVirtualMachines/jdk-17.jdk/Contents/Home/lib"/>
    <property name="sun.java.command" value="/Users/tv/Desktop/ContactList_API/target/surefire/surefirebooter-20250326180649077_3.jar /Users/tv/Desktop/ContactList_API/target/surefire 2025-03-26T18-06-49_026-jvmRun1 surefire-20250326180649077_1tmp surefire_0-20250326180649077_2tmp"/>
    <property name="http.nonProxyHosts" value="local|*.local|169.254/16|*.169.254/16"/>
    <property name="jdk.debug" value="release"/>
    <property name="surefire.test.class.path" value="/Users/tv/Desktop/ContactList_API/target/test-classes:/Users/tv/Desktop/ContactList_API/target/classes:/Users/tv/.m2/repository/io/rest-assured/rest-assured/5.5.1/rest-assured-5.5.1.jar:/Users/tv/.m2/repository/org/apache/groovy/groovy/4.0.22/groovy-4.0.22.jar:/Users/tv/.m2/repository/org/apache/groovy/groovy-xml/4.0.22/groovy-xml-4.0.22.jar:/Users/tv/.m2/repository/org/apache/httpcomponents/httpclient/4.5.13/httpclient-4.5.13.jar:/Users/tv/.m2/repository/org/apache/httpcomponents/httpcore/4.4.13/httpcore-4.4.13.jar:/Users/tv/.m2/repository/commons-logging/commons-logging/1.2/commons-logging-1.2.jar:/Users/tv/.m2/repository/commons-codec/commons-codec/1.11/commons-codec-1.11.jar:/Users/tv/.m2/repository/org/apache/httpcomponents/httpmime/4.5.13/httpmime-4.5.13.jar:/Users/tv/.m2/repository/org/hamcrest/hamcrest/2.2/hamcrest-2.2.jar:/Users/tv/.m2/repository/org/ccil/cowan/tagsoup/tagsoup/1.2.1/tagsoup-1.2.1.jar:/Users/tv/.m2/repository/io/rest-assured/json-path/5.5.1/json-path-5.5.1.jar:/Users/tv/.m2/repository/org/apache/groovy/groovy-json/4.0.22/groovy-json-4.0.22.jar:/Users/tv/.m2/repository/io/rest-assured/rest-assured-common/5.5.1/rest-assured-common-5.5.1.jar:/Users/tv/.m2/repository/io/rest-assured/xml-path/5.5.1/xml-path-5.5.1.jar:/Users/tv/.m2/repository/org/testng/testng/7.11.0/testng-7.11.0.jar:/Users/tv/.m2/repository/org/slf4j/slf4j-api/2.0.16/slf4j-api-2.0.16.jar:/Users/tv/.m2/repository/org/jcommander/jcommander/1.83/jcommander-1.83.jar:/Users/tv/.m2/repository/org/webjars/jquery/3.7.1/jquery-3.7.1.jar:/Users/tv/.m2/repository/com/github/javafaker/javafaker/1.0.2/javafaker-1.0.2.jar:/Users/tv/.m2/repository/org/apache/commons/commons-lang3/3.5/commons-lang3-3.5.jar:/Users/tv/.m2/repository/org/yaml/snakeyaml/1.23/snakeyaml-1.23-android.jar:/Users/tv/.m2/repository/com/github/mifmif/generex/1.0.2/generex-1.0.2.jar:/Users/tv/.m2/repository/dk/brics/automaton/automaton/1.11-8/automaton-1.11-8.jar:/Users/tv/.m2/repository/com/fasterxml/jackson/core/jackson-databind/2.15.0/jackson-databind-2.15.0.jar:/Users/tv/.m2/repository/com/fasterxml/jackson/core/jackson-annotations/2.15.0/jackson-annotations-2.15.0.jar:/Users/tv/.m2/repository/com/fasterxml/jackson/core/jackson-core/2.15.0/jackson-core-2.15.0.jar:"/>
    <property name="sun.cpu.endian" value="little"/>
    <property name="user.home" value="/Users/tv"/>
    <property name="user.language" value="en"/>
    <property name="java.specification.vendor" value="Oracle Corporation"/>
    <property name="java.version.date" value="2024-01-16"/>
    <property name="java.home" value="/Library/Java/JavaVirtualMachines/jdk-17.jdk/Contents/Home"/>
    <property name="file.separator" value="/"/>
    <property name="basedir" value="/Users/tv/Desktop/ContactList_API"/>
    <property name="java.vm.compressedOopsMode" value="Zero based"/>
    <property name="line.separator" value="&#10;"/>
    <property name="java.vm.specification.vendor" value="Oracle Corporation"/>
    <property name="java.specification.name" value="Java Platform API Specification"/>
    <property name="surefire.real.class.path" value="/Users/tv/Desktop/ContactList_API/target/surefire/surefirebooter-20250326180649077_3.jar"/>
    <property name="sun.management.compiler" value="HotSpot 64-Bit Tiered Compilers"/>
    <property name="ftp.nonProxyHosts" value="local|*.local|169.254/16|*.169.254/16"/>
    <property name="java.runtime.version" value="17.0.10+11-LTS-240"/>
    <property name="user.name" value="tv"/>
    <property name="path.separator" value=":"/>
    <property name="os.version" value="12.7.4"/>
    <property name="java.runtime.name" value="Java(TM) SE Runtime Environment"/>
    <property name="file.encoding" value="US-ASCII"/>
    <property name="java.vm.name" value="Java HotSpot(TM) 64-Bit Server VM"/>
    <property name="localRepository" value="/Users/tv/.m2/repository"/>
    <property name="java.vendor.url.bug" value="https://bugreport.java.com/bugreport/"/>
    <property name="java.io.tmpdir" value="/var/folders/jz/kp7pg43x36g8x7v6q12ntmkr0000gn/T/"/>
    <property name="idea.version" value="2024.1.2"/>
    <property name="java.version" value="17.0.10"/>
    <property name="user.dir" value="/Users/tv/Desktop/ContactList_API"/>
    <property name="os.arch" value="aarch64"/>
    <property name="java.vm.specification.name" value="Java Virtual Machine Specification"/>
    <property name="native.encoding" value="US-ASCII"/>
    <property name="java.library.path" value="/Users/tv/Library/Java/Extensions:/Library/Java/Extensions:/Network/Library/Java/Extensions:/System/Library/Java/Extensions:/usr/lib/java:."/>
    <property name="java.vm.info" value="mixed mode, sharing"/>
    <property name="java.vendor" value="Oracle Corporation"/>
    <property name="java.vm.version" value="17.0.10+11-LTS-240"/>
    <property name="sun.io.unicode.encoding" value="UnicodeBig"/>
    <property name="socksNonProxyHosts" value="local|*.local|169.254/16|*.169.254/16"/>
    <property name="java.class.version" value="61.0"/>
  </properties>
  <testcase name="testAddContacts" classname="contactList.api.test.ContactsTest" time="1.542">
    <system-out><![CDATA[HTTP/1.1 201 Created
Server: Cowboy
Report-To: {"group":"heroku-nel","max_age":3600,"endpoints":[{"url":"https://nel.heroku.com/reports?ts=1742992614&sid=af571f24-03ee-46d1-9f90-ab9030c2c74c&s=2i6Qsd2%2Fi4giYf6xPNBC6BiHUGZs8mn2%2FUhr5iNKKyY%3D"}]}
Reporting-Endpoints: heroku-nel=https://nel.heroku.com/reports?ts=1742992614&sid=af571f24-03ee-46d1-9f90-ab9030c2c74c&s=2i6Qsd2%2Fi4giYf6xPNBC6BiHUGZs8mn2%2FUhr5iNKKyY%3D
Nel: {"report_to":"heroku-nel","max_age":3600,"success_fraction":0.005,"failure_fraction":0.05,"response_headers":["Via"]}
Connection: keep-alive
X-Powered-By: Express
Set-Cookie: token=eyJhbGciOiJIUzI1NiIsInR5cCI6IkpXVCJ9.eyJfaWQiOiI2N2UzZjRlNjE5MzJiNTAwMTMwODY2ZjUiLCJpYXQiOjE3NDI5OTI2MTR9.AwovlJBWIBlGTL3H1AAl4ep1UMXuqZT4jzeUwcImMGA; Max-Age=684; Path=/; Expires=Wed, 26 Mar 2025 12:48:18 GMT
Content-Type: application/json; charset=utf-8
Content-Length: 286
Etag: W/"11e-OjfrnNA1uCr/CGeqrFr1VWaFIEo"
Date: Wed, 26 Mar 2025 12:36:54 GMT
Via: 1.1 vegur

{
    "user": {
        "_id": "67e3f4e61932b500130866f5",
        "firstName": "Joesph",
        "lastName": "Weimann",
        "email": "davina.hyatt@yahoo.com",
        "__v": 1
    },
    "token": "eyJhbGciOiJIUzI1NiIsInR5cCI6IkpXVCJ9.eyJfaWQiOiI2N2UzZjRlNjE5MzJiNTAwMTMwODY2ZjUiLCJpYXQiOjE3NDI5OTI2MTR9.AwovlJBWIBlGTL3H1AAl4ep1UMXuqZT4jzeUwcImMGA"
}
HTTP/1.1 201 Created
Server: Cowboy
Report-To: {"group":"heroku-nel","max_age":3600,"endpoints":[{"url":"https://nel.heroku.com/reports?ts=1742992616&sid=af571f24-03ee-46d1-9f90-ab9030c2c74c&s=CP1vOUxH9wr8dCsFtFs1d64ohYhvjUZWdGAehb%2FJR40%3D"}]}
Reporting-Endpoints: heroku-nel=https://nel.heroku.com/reports?ts=1742992616&sid=af571f24-03ee-46d1-9f90-ab9030c2c74c&s=CP1vOUxH9wr8dCsFtFs1d64ohYhvjUZWdGAehb%2FJR40%3D
Nel: {"report_to":"heroku-nel","max_age":3600,"success_fraction":0.005,"failure_fraction":0.05,"response_headers":["Via"]}
Connection: keep-alive
X-Powered-By: Express
Content-Type: application/json; charset=utf-8
Content-Length: 330
Etag: W/"14a-sbfSLG/GMII8zmJAcF/57sqAIv8"
Date: Wed, 26 Mar 2025 12:36:56 GMT
Via: 1.1 vegur

{
    "_id": "67e3f4e8ab587c00131fd92b",
    "firstName": "Scot",
    "lastName": "Steuber",
    "birthdate": "1970-01-01",
    "email": "martin.hartmann@gmail.com",
    "phone": "8005555555",
    "street1": "1 Main St.",
    "street2": "Apartment A",
    "city": "Keelingfort",
    "stateProvince": "KS",
    "postalCode": "12345",
    "country": "Cameroon",
    "owner": "67e3f4e61932b500130866f5",
    "__v": 0
}
]]></system-out>
    <system-err><![CDATA[SLF4J(W): No SLF4J providers were found.
SLF4J(W): Defaulting to no-operation (NOP) logger implementation
SLF4J(W): See https://www.slf4j.org/codes.html#noProviders for further details.
]]></system-err>
  </testcase>
  <testcase name="testReadContactList" classname="contactList.api.test.ContactsTest" time="1.413">
    <system-out><![CDATA[HTTP/1.1 200 OK
Server: Cowboy
Report-To: {"group":"heroku-nel","max_age":3600,"endpoints":[{"url":"https://nel.heroku.com/reports?ts=1742992618&sid=af571f24-03ee-46d1-9f90-ab9030c2c74c&s=wCZRYzHePGRltetAOHCnSUw0OdI1RrAaatek00nSWf8%3D"}]}
Reporting-Endpoints: heroku-nel=https://nel.heroku.com/reports?ts=1742992618&sid=af571f24-03ee-46d1-9f90-ab9030c2c74c&s=wCZRYzHePGRltetAOHCnSUw0OdI1RrAaatek00nSWf8%3D
Nel: {"report_to":"heroku-nel","max_age":3600,"success_fraction":0.005,"failure_fraction":0.05,"response_headers":["Via"]}
Connection: keep-alive
X-Powered-By: Express
Content-Type: application/json; charset=utf-8
Content-Length: 332
Etag: W/"14c-McjbFyjZ0CxBWP7FGCrPP8A4ivo"
Date: Wed, 26 Mar 2025 12:36:58 GMT
Via: 1.1 vegur

[
    {
        "_id": "67e3f4e8ab587c00131fd92b",
        "firstName": "Scot",
        "lastName": "Steuber",
        "birthdate": "1970-01-01",
        "email": "martin.hartmann@gmail.com",
        "phone": "8005555555",
        "street1": "1 Main St.",
        "street2": "Apartment A",
        "city": "Keelingfort",
        "stateProvince": "KS",
        "postalCode": "12345",
        "country": "Cameroon",
        "owner": "67e3f4e61932b500130866f5",
        "__v": 0
    }
]
]]></system-out>
  </testcase>
  <testcase name="testReadContacts" classname="contactList.api.test.ContactsTest" time="1.534">
    <system-out><![CDATA[HTTP/1.1 200 OK
Server: Cowboy
Report-To: {"group":"heroku-nel","max_age":3600,"endpoints":[{"url":"https://nel.heroku.com/reports?ts=1742992619&sid=af571f24-03ee-46d1-9f90-ab9030c2c74c&s=h4Rt56mGKt6tmLs5QN0xzAN1ljVf5qkB4HLZjxdoDjU%3D"}]}
Reporting-Endpoints: heroku-nel=https://nel.heroku.com/reports?ts=1742992619&sid=af571f24-03ee-46d1-9f90-ab9030c2c74c&s=h4Rt56mGKt6tmLs5QN0xzAN1ljVf5qkB4HLZjxdoDjU%3D
Nel: {"report_to":"heroku-nel","max_age":3600,"success_fraction":0.005,"failure_fraction":0.05,"response_headers":["Via"]}
Connection: keep-alive
X-Powered-By: Express
Content-Type: application/json; charset=utf-8
Content-Length: 332
Etag: W/"14c-McjbFyjZ0CxBWP7FGCrPP8A4ivo"
Date: Wed, 26 Mar 2025 12:36:59 GMT
Via: 1.1 vegur

[
    {
        "_id": "67e3f4e8ab587c00131fd92b",
        "firstName": "Scot",
        "lastName": "Steuber",
        "birthdate": "1970-01-01",
        "email": "martin.hartmann@gmail.com",
        "phone": "8005555555",
        "street1": "1 Main St.",
        "street2": "Apartment A",
        "city": "Keelingfort",
        "stateProvince": "KS",
        "postalCode": "12345",
        "country": "Cameroon",
        "owner": "67e3f4e61932b500130866f5",
        "__v": 0
    }
]
]]></system-out>
  </testcase>
  <testcase name="testUpdateContact" classname="contactList.api.test.ContactsTest" time="2.868">
    <system-out><![CDATA[HTTP/1.1 200 OK
Server: Cowboy
Report-To: {"group":"heroku-nel","max_age":3600,"endpoints":[{"url":"https://nel.heroku.com/reports?ts=1742992621&sid=af571f24-03ee-46d1-9f90-ab9030c2c74c&s=R26T4T09aoMPbdO6IC5SpzryvBgk0SxlZSINVGNwol4%3D"}]}
Reporting-Endpoints: heroku-nel=https://nel.heroku.com/reports?ts=1742992621&sid=af571f24-03ee-46d1-9f90-ab9030c2c74c&s=R26T4T09aoMPbdO6IC5SpzryvBgk0SxlZSINVGNwol4%3D
Nel: {"report_to":"heroku-nel","max_age":3600,"success_fraction":0.005,"failure_fraction":0.05,"response_headers":["Via"]}
Connection: keep-alive
X-Powered-By: Express
Content-Type: application/json; charset=utf-8
Content-Length: 344
Etag: W/"158-4KylJVu7CbAwnbZcAa4kXthAj1U"
Date: Wed, 26 Mar 2025 12:37:01 GMT
Via: 1.1 vegur

{
    "_id": "67e3f4e8ab587c00131fd92b",
    "firstName": "Rob",
    "lastName": "Toy",
    "birthdate": "1970-01-01",
    "email": "jeffry.schulist@yahoo.com",
    "phone": "8005555555",
    "street1": "1 Main St.",
    "street2": "Apartment A",
    "city": "Schuppeport",
    "stateProvince": "KS",
    "postalCode": "12345",
    "country": "French Southern Territories",
    "owner": "67e3f4e61932b500130866f5",
    "__v": 0
}
]]></system-out>
  </testcase>
  <testcase name="testUpdateContactFirstName" classname="contactList.api.test.ContactsTest" time="3.068">
    <system-out><![CDATA[HTTP/1.1 200 OK
Server: Cowboy
Report-To: {"group":"heroku-nel","max_age":3600,"endpoints":[{"url":"https://nel.heroku.com/reports?ts=1742992623&sid=af571f24-03ee-46d1-9f90-ab9030c2c74c&s=9y%2BuemW6DyhHlYlYbMMyVB8Z1UKUAhmEljG%2Ff12Yy54%3D"}]}
Reporting-Endpoints: heroku-nel=https://nel.heroku.com/reports?ts=1742992623&sid=af571f24-03ee-46d1-9f90-ab9030c2c74c&s=9y%2BuemW6DyhHlYlYbMMyVB8Z1UKUAhmEljG%2Ff12Yy54%3D
Nel: {"report_to":"heroku-nel","max_age":3600,"success_fraction":0.005,"failure_fraction":0.05,"response_headers":["Via"]}
Connection: keep-alive
X-Powered-By: Express
Content-Type: application/json; charset=utf-8
Content-Length: 347
Etag: W/"15b-/aeC4I+xGIdwgEay63hLqem3z5U"
Date: Wed, 26 Mar 2025 12:37:03 GMT
Via: 1.1 vegur

{
    "_id": "67e3f4e8ab587c00131fd92b",
    "firstName": "Alison",
    "lastName": "Toy",
    "birthdate": "1970-01-01",
    "email": "jeffry.schulist@yahoo.com",
    "phone": "8005555555",
    "street1": "1 Main St.",
    "street2": "Apartment A",
    "city": "Schuppeport",
    "stateProvince": "KS",
    "postalCode": "12345",
    "country": "French Southern Territories",
    "owner": "67e3f4e61932b500130866f5",
    "__v": 0
}
HTTP/1.1 200 OK
Server: Cowboy
Report-To: {"group":"heroku-nel","max_age":3600,"endpoints":[{"url":"https://nel.heroku.com/reports?ts=1742992625&sid=af571f24-03ee-46d1-9f90-ab9030c2c74c&s=Lu15LvoJdgIo3LeaSTpm2HKEBF8iyc1huHUp3hyrUFg%3D"}]}
Reporting-Endpoints: heroku-nel=https://nel.heroku.com/reports?ts=1742992625&sid=af571f24-03ee-46d1-9f90-ab9030c2c74c&s=Lu15LvoJdgIo3LeaSTpm2HKEBF8iyc1huHUp3hyrUFg%3D
Nel: {"report_to":"heroku-nel","max_age":3600,"success_fraction":0.005,"failure_fraction":0.05,"response_headers":["Via"]}
Connection: keep-alive
X-Powered-By: Express
Content-Type: application/json; charset=utf-8
Content-Length: 349
Etag: W/"15d-xO5iSMqTkAdJOssarrEPdSeZkSA"
Date: Wed, 26 Mar 2025 12:37:05 GMT
Via: 1.1 vegur

[
    {
        "_id": "67e3f4e8ab587c00131fd92b",
        "firstName": "Alison",
        "lastName": "Toy",
        "birthdate": "1970-01-01",
        "email": "jeffry.schulist@yahoo.com",
        "phone": "8005555555",
        "street1": "1 Main St.",
        "street2": "Apartment A",
        "city": "Schuppeport",
        "stateProvince": "KS",
        "postalCode": "12345",
        "country": "French Southern Territories",
        "owner": "67e3f4e61932b500130866f5",
        "__v": 0
    }
]
]]></system-out>
  </testcase>
  <testcase name="testdeleteContacts" classname="contactList.api.test.ContactsTest" time="1.728">
    <system-out><![CDATA[HTTP/1.1 200 OK
Server: Cowboy
Report-To: {"group":"heroku-nel","max_age":3600,"endpoints":[{"url":"https://nel.heroku.com/reports?ts=1742992626&sid=af571f24-03ee-46d1-9f90-ab9030c2c74c&s=6NdxQlSXDX7DfUK6BjfH4XEAVZCiI%2Fwz0sIWsj5WxKk%3D"}]}
Reporting-Endpoints: heroku-nel=https://nel.heroku.com/reports?ts=1742992626&sid=af571f24-03ee-46d1-9f90-ab9030c2c74c&s=6NdxQlSXDX7DfUK6BjfH4XEAVZCiI%2Fwz0sIWsj5WxKk%3D
Nel: {"report_to":"heroku-nel","max_age":3600,"success_fraction":0.005,"failure_fraction":0.05,"response_headers":["Via"]}
Connection: keep-alive
X-Powered-By: Express
Content-Type: text/html; charset=utf-8
Content-Length: 15
Etag: W/"f-smqnjm2ArsFbkvZ+qy6N7Dow4bQ"
Date: Wed, 26 Mar 2025 12:37:07 GMT
Via: 1.1 vegur

<html>
  <body>Contact deleted</body>
</html>
]]></system-out>
  </testcase>
  <testcase name="testPostUser" classname="contactList.api.test.UserTest" time="1.446">
    <system-out><![CDATA[HTTP/1.1 201 Created
Server: Cowboy
Report-To: {"group":"heroku-nel","max_age":3600,"endpoints":[{"url":"https://nel.heroku.com/reports?ts=1742992628&sid=af571f24-03ee-46d1-9f90-ab9030c2c74c&s=WlcKatybxVASjaSdfwbeLqYgMcvQip2bv%2F0QRnq%2FQs8%3D"}]}
Reporting-Endpoints: heroku-nel=https://nel.heroku.com/reports?ts=1742992628&sid=af571f24-03ee-46d1-9f90-ab9030c2c74c&s=WlcKatybxVASjaSdfwbeLqYgMcvQip2bv%2F0QRnq%2FQs8%3D
Nel: {"report_to":"heroku-nel","max_age":3600,"success_fraction":0.005,"failure_fraction":0.05,"response_headers":["Via"]}
Connection: keep-alive
X-Powered-By: Express
Set-Cookie: token=eyJhbGciOiJIUzI1NiIsInR5cCI6IkpXVCJ9.eyJfaWQiOiI2N2UzZjRmNDE5MzJiNTAwMTMwODY2ZjkiLCJpYXQiOjE3NDI5OTI2Mjh9.csR_skHCFHm7dlPqZZLcNzllDXHNCr6XN5n6KCalVfo; Max-Age=684; Path=/; Expires=Wed, 26 Mar 2025 12:48:32 GMT
Content-Type: application/json; charset=utf-8
Content-Length: 282
Etag: W/"11a-xqOqTD1RHeBKmA3ORp1lOcXVyFk"
Date: Wed, 26 Mar 2025 12:37:08 GMT
Via: 1.1 vegur

{
    "user": {
        "_id": "67e3f4f41932b500130866f9",
        "firstName": "Risa",
        "lastName": "Maggio",
        "email": "hee.strosin@yahoo.com",
        "__v": 1
    },
    "token": "eyJhbGciOiJIUzI1NiIsInR5cCI6IkpXVCJ9.eyJfaWQiOiI2N2UzZjRmNDE5MzJiNTAwMTMwODY2ZjkiLCJpYXQiOjE3NDI5OTI2Mjh9.csR_skHCFHm7dlPqZZLcNzllDXHNCr6XN5n6KCalVfo"
}
]]></system-out>
  </testcase>
</testsuite>