<?xml version="1.0" encoding="UTF-8"?>
<!-- Generated by org.testng.reporters.JUnitReportReporter -->
<testsuite hostname="TVs-MacBook-Pro.local" failures="0" tests="6" name="contactList.api.test.UserTest" time="11.885" errors="0" timestamp="2025-03-26T21:46:32 IST" skipped="0">
  <testcase classname="contactList.api.test.UserTest" name="testPostUser" time="1.409"/>
  <testcase classname="contactList.api.test.UserTest" name="testGetUser" time="1.352"/>
  <testcase classname="contactList.api.test.UserTest" name="testUpdateUser" time="2.832"/>
  <testcase classname="contactList.api.test.UserTest" name="testLoginUser" time="1.654"/>
  <testcase classname="contactList.api.test.UserTest" name="testLogoutUser" time="1.524"/>
  <testcase classname="contactList.api.test.UserTest" name="testDeleteUser" time="3.114"/>
</testsuite> <!-- contactList.api.test.UserTest -->
