<?xml version="1.0" encoding="UTF-8"?>
<!-- Generated by org.testng.reporters.JUnitReportReporter -->
<testsuite hostname="TVs-MacBook-Pro.local" failures="0" tests="6" name="contactList.api.test.ContactsTest" time="11.547" errors="0" timestamp="2025-03-26T21:46:32 IST" skipped="0">
  <testcase classname="contactList.api.test.ContactsTest" name="testAddContacts" time="1.547"/>
  <testcase classname="contactList.api.test.ContactsTest" name="testReadContactList" time="1.439"/>
  <testcase classname="contactList.api.test.ContactsTest" name="testReadContacts" time="1.498"/>
  <testcase classname="contactList.api.test.ContactsTest" name="testUpdateContact" time="2.790"/>
  <testcase classname="contactList.api.test.ContactsTest" name="testUpdateContactFirstName" time="2.816"/>
  <testcase classname="contactList.api.test.ContactsTest" name="testdeleteContacts" time="1.457"/>
</testsuite> <!-- contactList.api.test.ContactsTest -->
