<?xml version="1.0" encoding="UTF-8"?>
<!-- Generated by org.testng.reporters.JUnitReportReporter -->
<testsuite hostname="TVs-MacBook-Pro.local" failures="0" tests="6" name="contactList.api.test.ContactsTest" time="12.147" errors="0" timestamp="2025-03-26T18:07:08 IST" skipped="0">
  <testcase classname="contactList.api.test.ContactsTest" name="testAddContacts" time="1.540"/>
  <testcase classname="contactList.api.test.ContactsTest" name="testReadContactList" time="1.411"/>
  <testcase classname="contactList.api.test.ContactsTest" name="testReadContacts" time="1.533"/>
  <testcase classname="contactList.api.test.ContactsTest" name="testUpdateContact" time="2.867"/>
  <testcase classname="contactList.api.test.ContactsTest" name="testUpdateContactFirstName" time="3.067"/>
  <testcase classname="contactList.api.test.ContactsTest" name="testdeleteContacts" time="1.729"/>
</testsuite> <!-- contactList.api.test.ContactsTest -->
