<?xml version="1.0" encoding="UTF-8"?>
<!-- Generated by org.testng.reporters.JUnitReportReporter -->
<testsuite hostname="TVs-MacBook-Pro.local" failures="0" tests="1" name="contactList.api.test.UserTest" time="1.447" errors="0" timestamp="2025-03-26T18:07:08 IST" skipped="0">
  <testcase classname="contactList.api.test.UserTest" name="testPostUser" time="1.447"/>
</testsuite> <!-- contactList.api.test.UserTest -->
